android/app/build/intermediates/manifest_merge_blame_file/debug/manifest-merger-blame-debug-report.txt
1<?xml version="1.0" encoding="utf-8"?>
2<manifest xmlns:android="http://schemas.android.com/apk/res/android"
3    package="com.tensorboilerplate"
4    android:versionCode="1"
5    android:versionName="1.0" >
6
7    <uses-sdk
8        android:minSdkVersion="21"
9        android:targetSdkVersion="28" />
10
11    <uses-permission android:name="android.permission.SYSTEM_ALERT_WINDOW" />
11-->src/main/AndroidManifest.xml:5:5-77
11-->src/main/AndroidManifest.xml:5:22-75
12    <uses-permission android:name="android.permission.INTERNET" /> <!-- OPTIONAL PERMISSIONS, REMOVE WHATEVER YOU DO NOT NEED -->
12-->src/main/AndroidManifest.xml:4:5-67
12-->src/main/AndroidManifest.xml:4:22-64
13    <uses-permission android:name="android.permission.MANAGE_DOCUMENTS" />
13-->src/main/AndroidManifest.xml:8:5-75
13-->src/main/AndroidManifest.xml:8:22-72
14    <uses-permission android:name="android.permission.READ_INTERNAL_STORAGE" />
14-->src/main/AndroidManifest.xml:9:5-80
14-->src/main/AndroidManifest.xml:9:22-77
15    <uses-permission android:name="android.permission.READ_PHONE_STATE" />
15-->src/main/AndroidManifest.xml:10:5-75
15-->src/main/AndroidManifest.xml:10:22-72
16    <uses-permission android:name="android.permission.USE_FINGERPRINT" />
16-->src/main/AndroidManifest.xml:11:5-74
16-->src/main/AndroidManifest.xml:11:22-71
17    <uses-permission android:name="android.permission.VIBRATE" />
17-->src/main/AndroidManifest.xml:12:5-66
17-->src/main/AndroidManifest.xml:12:22-63
18    <uses-permission android:name="android.permission.MODIFY_AUDIO_SETTINGS" /> <!-- These require runtime permissions on M -->
18-->src/main/AndroidManifest.xml:13:5-80
18-->src/main/AndroidManifest.xml:13:22-77
19    <uses-permission android:name="android.permission.ACCESS_COARSE_LOCATION" />
19-->src/main/AndroidManifest.xml:16:5-81
19-->src/main/AndroidManifest.xml:16:22-78
20    <uses-permission android:name="android.permission.ACCESS_FINE_LOCATION" />
20-->src/main/AndroidManifest.xml:17:5-79
20-->src/main/AndroidManifest.xml:17:22-76
21    <uses-permission android:name="android.permission.CAMERA" />
21-->src/main/AndroidManifest.xml:18:5-65
21-->src/main/AndroidManifest.xml:18:22-62
22    <uses-permission android:name="android.permission.READ_CONTACTS" />
22-->src/main/AndroidManifest.xml:19:5-72
22-->src/main/AndroidManifest.xml:19:22-69
23    <uses-permission android:name="android.permission.READ_CALENDAR" />
23-->src/main/AndroidManifest.xml:20:5-72
23-->src/main/AndroidManifest.xml:20:22-69
24    <uses-permission android:name="android.permission.WRITE_CALENDAR" />
24-->src/main/AndroidManifest.xml:21:5-73
24-->src/main/AndroidManifest.xml:21:22-70
25    <uses-permission android:name="android.permission.READ_EXTERNAL_STORAGE" />
25-->src/main/AndroidManifest.xml:22:5-80
25-->src/main/AndroidManifest.xml:22:22-77
26    <uses-permission android:name="android.permission.RECORD_AUDIO" />
26-->src/main/AndroidManifest.xml:23:5-71
26-->src/main/AndroidManifest.xml:23:22-68
27    <uses-permission android:name="android.permission.WRITE_EXTERNAL_STORAGE" />
27-->src/main/AndroidManifest.xml:24:5-81
27-->src/main/AndroidManifest.xml:24:22-78
28    <uses-permission android:name="android.permission.WRITE_SETTINGS" />
28-->src/main/AndroidManifest.xml:25:5-73
28-->src/main/AndroidManifest.xml:25:22-70
29    <uses-permission android:name="android.permission.ACCESS_NETWORK_STATE" />
29-->[:expo-updates] AndroidManifest.xml:11:5-79
29-->[:expo-updates] AndroidManifest.xml:11:22-76
30    <uses-permission android:name="android.permission.STORAGE" />
30-->[:expo-file-system] AndroidManifest.xml:15:5-66
30-->[:expo-file-system] AndroidManifest.xml:15:22-63
31
32    <uses-feature
32-->[:expo-gl] AndroidManifest.xml:11:5-13:36
33        android:glEsVersion="0x00020000"
33-->[:expo-gl] AndroidManifest.xml:12:9-41
34        android:required="false" />
34-->[:expo-gl] AndroidManifest.xml:13:9-33
35
36    <uses-permission android:name="android.permission.FOREGROUND_SERVICE" />
36-->[:expo-location] AndroidManifest.xml:13:5-77
36-->[:expo-location] AndroidManifest.xml:13:22-74
37
38    <uses-feature
38-->[com.google.android:cameraview:1.0.0] AndroidManifest.xml:25:5-27:36
39        android:name="android.hardware.camera"
39-->[com.google.android:cameraview:1.0.0] AndroidManifest.xml:26:9-47
40        android:required="false" />
40-->[com.google.android:cameraview:1.0.0] AndroidManifest.xml:27:9-33
41    <uses-feature
41-->[com.google.android:cameraview:1.0.0] AndroidManifest.xml:28:5-30:36
42        android:name="android.hardware.camera.autofocus"
42-->[com.google.android:cameraview:1.0.0] AndroidManifest.xml:29:9-57
43        android:required="false" />
43-->[com.google.android:cameraview:1.0.0] AndroidManifest.xml:30:9-33
44
45    <uses-permission android:name="com.google.android.providers.gsf.permission.READ_GSERVICES" />
45-->[io.nlopez.smartlocation:library:3.2.11] AndroidManifest.xml:15:5-98
45-->[io.nlopez.smartlocation:library:3.2.11] AndroidManifest.xml:15:22-95
46    <uses-permission android:name="com.google.android.gms.permission.ACTIVITY_RECOGNITION" />
46-->[io.nlopez.smartlocation:library:3.2.11] AndroidManifest.xml:16:5-94
46-->[io.nlopez.smartlocation:library:3.2.11] AndroidManifest.xml:16:22-91
47
48    <application
48-->src/main/AndroidManifest.xml:28:5-53:19
49        android:name="com.tensorboilerplate.MainApplication"
49-->src/main/AndroidManifest.xml:29:7-38
50        android:allowBackup="false"
50-->src/main/AndroidManifest.xml:33:7-34
51        android:appComponentFactory="androidx.core.app.CoreComponentFactory"
51-->[androidx.core:core:1.1.0] AndroidManifest.xml:24:18-86
52        android:debuggable="true"
53        android:icon="@mipmap/ic_launcher"
53-->src/main/AndroidManifest.xml:31:7-41
54        android:label="@string/app_name"
54-->src/main/AndroidManifest.xml:30:7-39
55        android:roundIcon="@mipmap/ic_launcher_round"
55-->src/main/AndroidManifest.xml:32:7-52
56        android:theme="@style/AppTheme"
56-->src/main/AndroidManifest.xml:34:7-38
57        android:usesCleartextTraffic="true" >
57-->src/debug/AndroidManifest.xml:6:18-53
58        <meta-data
58-->src/main/AndroidManifest.xml:36:7-140
59            android:name="expo.modules.updates.EXPO_UPDATE_URL"
59-->src/main/AndroidManifest.xml:36:18-69
60            android:value="https://exp.host/@duylinhmeliodas/TensorBoilerplate" />
60-->src/main/AndroidManifest.xml:36:70-137
61        <meta-data
61-->src/main/AndroidManifest.xml:37:7-96
62            android:name="expo.modules.updates.EXPO_SDK_VERSION"
62-->src/main/AndroidManifest.xml:37:18-70
63            android:value="37.0.0" />
63-->src/main/AndroidManifest.xml:37:71-93
64        <meta-data
64-->src/main/AndroidManifest.xml:39:7-101
65            android:name="expo.modules.updates.EXPO_RELEASE_CHANNEL"
65-->src/main/AndroidManifest.xml:39:18-74
66            android:value="default" />
66-->src/main/AndroidManifest.xml:39:75-98
67
68        <activity
68-->src/main/AndroidManifest.xml:41:3-51:18
69            android:name="com.tensorboilerplate.MainActivity"
69-->src/main/AndroidManifest.xml:42:5-33
70            android:configChanges="keyboard|keyboardHidden|orientation|screenSize"
70-->src/main/AndroidManifest.xml:44:9-79
71            android:label="@string/app_name"
71-->src/main/AndroidManifest.xml:43:9-41
72            android:launchMode="singleTask"
72-->src/main/AndroidManifest.xml:45:9-40
73            android:windowSoftInputMode="adjustResize" >
73-->src/main/AndroidManifest.xml:46:9-51
74            <intent-filter>
74-->src/main/AndroidManifest.xml:47:9-50:25
75                <action android:name="android.intent.action.MAIN" />
75-->src/main/AndroidManifest.xml:48:13-65
75-->src/main/AndroidManifest.xml:48:21-62
76
77                <category android:name="android.intent.category.LAUNCHER" />
77-->src/main/AndroidManifest.xml:49:13-73
77-->src/main/AndroidManifest.xml:49:23-70
78            </intent-filter>
79        </activity>
80        <activity android:name="com.facebook.react.devsupport.DevSettingsActivity" />
80-->src/main/AndroidManifest.xml:52:7-84
80-->src/main/AndroidManifest.xml:52:17-81
81
82        <provider
82-->[:expo-file-system] AndroidManifest.xml:18:9-27:20
83            android:name="expo.modules.filesystem.FileSystemFileProvider"
83-->[:expo-file-system] AndroidManifest.xml:19:13-74
84            android:authorities="com.tensorboilerplate.FileSystemFileProvider"
84-->[:expo-file-system] AndroidManifest.xml:20:13-74
85            android:exported="false"
85-->[:expo-file-system] AndroidManifest.xml:21:13-37
86            android:grantUriPermissions="true" >
86-->[:expo-file-system] AndroidManifest.xml:22:13-47
87            <meta-data
87-->[:expo-file-system] AndroidManifest.xml:24:13-26:70
88                android:name="android.support.FILE_PROVIDER_PATHS"
88-->[:expo-file-system] AndroidManifest.xml:25:17-67
89                android:resource="@xml/file_system_provider_paths" />
89-->[:expo-file-system] AndroidManifest.xml:26:17-67
90        </provider>
91
92        <service
92-->[:expo-location] AndroidManifest.xml:16:9-18:40
93            android:name="expo.modules.location.services.LocationTaskService"
93-->[:expo-location] AndroidManifest.xml:17:13-78
94            android:exported="false" />
94-->[:expo-location] AndroidManifest.xml:18:13-37
95
96        <activity
96-->[com.google.android.gms:play-services-base:16.0.1] AndroidManifest.xml:23:9-26:75
97            android:name="com.google.android.gms.common.api.GoogleApiActivity"
97-->[com.google.android.gms:play-services-base:16.0.1] AndroidManifest.xml:24:13-79
98            android:exported="false"
98-->[com.google.android.gms:play-services-base:16.0.1] AndroidManifest.xml:25:13-37
99            android:theme="@android:style/Theme.Translucent.NoTitleBar" />
99-->[com.google.android.gms:play-services-base:16.0.1] AndroidManifest.xml:26:13-72
100
101        <meta-data
101-->[com.google.android.gms:play-services-basement:16.0.1] AndroidManifest.xml:23:9-25:69
102            android:name="com.google.android.gms.version"
102-->[com.google.android.gms:play-services-basement:16.0.1] AndroidManifest.xml:24:13-58
103            android:value="@integer/google_play_services_version" />
103-->[com.google.android.gms:play-services-basement:16.0.1] AndroidManifest.xml:25:13-66
104
105        <service
105-->[androidx.room:room-runtime:2.1.0] AndroidManifest.xml:25:9-27:40
106            android:name="androidx.room.MultiInstanceInvalidationService"
106-->[androidx.room:room-runtime:2.1.0] AndroidManifest.xml:26:13-74
107            android:exported="false" />
107-->[androidx.room:room-runtime:2.1.0] AndroidManifest.xml:27:13-37
108        <service
108-->[io.nlopez.smartlocation:library:3.2.11] AndroidManifest.xml:19:9-21:40
109            android:name="io.nlopez.smartlocation.activity.providers.ActivityGooglePlayServicesProvider$ActivityRecognitionService"
109-->[io.nlopez.smartlocation:library:3.2.11] AndroidManifest.xml:20:13-132
110            android:exported="false" />
110-->[io.nlopez.smartlocation:library:3.2.11] AndroidManifest.xml:21:13-37
111        <service
111-->[io.nlopez.smartlocation:library:3.2.11] AndroidManifest.xml:22:9-24:40
112            android:name="io.nlopez.smartlocation.geofencing.providers.GeofencingGooglePlayServicesProvider$GeofencingService"
112-->[io.nlopez.smartlocation:library:3.2.11] AndroidManifest.xml:23:13-127
113            android:exported="false" />
113-->[io.nlopez.smartlocation:library:3.2.11] AndroidManifest.xml:24:13-37
114        <service
114-->[io.nlopez.smartlocation:library:3.2.11] AndroidManifest.xml:25:9-27:40
115            android:name="io.nlopez.smartlocation.geocoding.providers.AndroidGeocodingProvider$AndroidGeocodingService"
115-->[io.nlopez.smartlocation:library:3.2.11] AndroidManifest.xml:26:13-120
116            android:exported="false" />
116-->[io.nlopez.smartlocation:library:3.2.11] AndroidManifest.xml:27:13-37
117    </application>
118
119</manifest>